<?xml version="1.0" encoding="UTF-8"?>
<testng-results ignored="0" total="1" passed="1" failed="0" skipped="0">
  <reporter-output>
  </reporter-output>
  <suite started-at="2025-03-15T14:11:29 EDT" name="Default suite" finished-at="2025-03-15T14:11:31 EDT" duration-ms="2041">
    <groups>
    </groups>
    <test started-at="2025-03-15T14:11:29 EDT" name="Default test" finished-at="2025-03-15T14:11:31 EDT" duration-ms="2041">
      <class name="seleniumWebDriver.HowToOpenChrome">
        <test-method signature="loginTest()[pri:0, instance:seleniumWebDriver.HowToOpenChrome@44ebcd03]" started-at="2025-03-15T14:11:29 EDT" name="loginTest" finished-at="2025-03-15T14:11:31 EDT" duration-ms="2004" status="PASS">
          <reporter-output>
          </reporter-output>
        </test-method> <!-- loginTest -->
      </class> <!-- seleniumWebDriver.HowToOpenChrome -->
    </test> <!-- Default test -->
  </suite> <!-- Default suite -->
</testng-results>
