<?xml version="1.0" encoding="UTF-8"?>
<testng-results ignored="0" total="1" passed="1" failed="0" skipped="0">
  <reporter-output>
  </reporter-output>
  <suite started-at="2025-03-22T11:04:05 EDT" name="Default suite" finished-at="2025-03-22T11:04:07 EDT" duration-ms="2308">
    <groups>
    </groups>
    <test started-at="2025-03-22T11:04:05 EDT" name="Default test" finished-at="2025-03-22T11:04:07 EDT" duration-ms="2308">
      <class name="login.LoginTest">
        <test-method is-config="true" signature="openApplication()[pri:0, instance:login.LoginTest@4466af20]" started-at="2025-03-22T11:04:05 EDT" name="openApplication" finished-at="2025-03-22T11:04:07 EDT" duration-ms="1920" status="PASS">
          <reporter-output>
          </reporter-output>
        </test-method> <!-- openApplication -->
        <test-method signature="doLoginTest()[pri:0, instance:login.LoginTest@4466af20]" started-at="2025-03-22T11:04:07 EDT" name="doLoginTest" finished-at="2025-03-22T11:04:07 EDT" duration-ms="208" status="PASS">
          <reporter-output>
          </reporter-output>
        </test-method> <!-- doLoginTest -->
        <test-method is-config="true" signature="closeApplication()[pri:0, instance:login.LoginTest@4466af20]" started-at="2025-03-22T11:04:07 EDT" name="closeApplication" finished-at="2025-03-22T11:04:07 EDT" duration-ms="150" status="PASS">
          <reporter-output>
          </reporter-output>
        </test-method> <!-- closeApplication -->
      </class> <!-- login.LoginTest -->
    </test> <!-- Default test -->
  </suite> <!-- Default suite -->
</testng-results>
